<?xml version="1.0" encoding="UTF-8"?>
<!-- Generated by org.testng.reporters.JUnitReportReporter -->
<testsuite hostname="DESKTOP-L46HBGL" failures="0" tests="1" name="pim1_integration.PIMrun_Integration2" time="36.805" errors="0" timestamp="2024-10-01T11:08:10 IST" skipped="0">
  <testcase classname="pim1_integration.PIMrun_Integration2" name="PIMsystem1" time="36.805"/>
  <system-out/>
</testsuite> <!-- pim1_integration.PIMrun_Integration2 -->
