<?xml version="1.0" encoding="UTF-8"?>
<!-- Generated by org.testng.reporters.JUnitReportReporter -->
<testsuite hostname="DESKTOP-L46HBGL" failures="0" tests="1" name="PIM_module1.Smoke_AddremoveEmployee" time="55.050" errors="0" timestamp="2024-10-01T01:49:11 IST" skipped="0">
  <testcase classname="PIM_module1.Smoke_AddremoveEmployee" name="Ohrm_login" time="55.050"/>
  <system-out/>
</testsuite> <!-- PIM_module1.Smoke_AddremoveEmployee -->
