<?xml version="1.0" encoding="UTF-8"?>
<!-- Generated by org.testng.reporters.JUnitReportReporter -->
<testsuite hostname="DESKTOP-L46HBGL" failures="0" tests="1" name="pim1_integration.PIMrun_Integration" time="45.849" errors="0" timestamp="2024-10-01T10:49:03 IST" skipped="0">
  <testcase classname="pim1_integration.PIMrun_Integration" name="PIMsystem1" time="45.849"/>
  <system-out/>
</testsuite> <!-- pim1_integration.PIMrun_Integration -->
