<?xml version="1.0" encoding="UTF-8"?>
<!-- Generated by org.testng.reporters.JUnitReportReporter -->
<testsuite hostname="DESKTOP-GTCP8HT" failures="0" tests="1" name="New_pkg.Testng_mavendemo" time="0.019" errors="0" timestamp="2024-07-03T14:01:13 IST" skipped="0">
  <testcase classname="New_pkg.Testng_mavendemo" name="Test" time="0.019"/>
  <system-out>
    <![CDATA[Hi]]>
  </system-out>
</testsuite> <!-- New_pkg.Testng_mavendemo -->
