<?xml version="1.0" encoding="UTF-8"?>
<!-- Generated by org.testng.reporters.JUnitReportReporter -->
<testsuite hostname="DESKTOP-L46HBGL" failures="0" tests="1" name="pim_module.Smoke_AddremoveEmployee" time="60.146" errors="0" timestamp="2024-09-30T12:16:55 IST" skipped="0">
  <testcase classname="pim_module.Smoke_AddremoveEmployee" name="Ohrm_login" time="60.146"/>
  <system-out/>
</testsuite> <!-- pim_module.Smoke_AddremoveEmployee -->
