<?xml version="1.0" encoding="UTF-8"?>
<!-- Generated by org.testng.reporters.JUnitReportReporter -->
<testsuite hostname="DESKTOP-L46HBGL" failures="0" tests="1" name="PIM_module1.PIMrunner_System" time="33.675" errors="0" timestamp="2024-10-01T02:38:36 IST" skipped="0">
  <testcase classname="PIM_module1.PIMrunner_System" name="PIMsystem1" time="33.675"/>
  <system-out/>
</testsuite> <!-- PIM_module1.PIMrunner_System -->
