<?xml version="1.0" encoding="UTF-8"?>
<!-- Generated by org.testng.reporters.JUnitReportReporter -->
<testsuite hostname="DESKTOP-GTCP8HT" failures="0" tests="1" name="New_pkg.Webdrivermgr_browseropen" time="8.922" errors="0" timestamp="2024-07-03T13:53:39 IST" skipped="0">
  <testcase classname="New_pkg.Webdrivermgr_browseropen" name="Test1" time="8.922"/>
  <system-out/>
</testsuite> <!-- New_pkg.Webdrivermgr_browseropen -->
